2024-06-03 15:48:33,648 INFO  Logger.cs: 70 - 
--------------------------------------------------------------------------------
2024-06-03 15:48:33,671 INFO  Logger.cs: 71 - Logging commencing for SW2URDF exporter
2024-06-03 15:48:33,672 INFO  Logger.cs: 73 - Commit version 1.6.0-4-g7f85cfe
2024-06-03 15:48:33,673 INFO  Logger.cs: 74 - Build version 1.6.7995.38578
2024-06-03 15:48:33,684 INFO  SwAddin.cs: 192 - Attempting to connect to SW
2024-06-03 15:48:33,685 INFO  SwAddin.cs: 197 - Setting up callbacks
2024-06-03 15:48:33,686 INFO  SwAddin.cs: 201 - Setting up command manager
2024-06-03 15:48:33,686 INFO  SwAddin.cs: 204 - Adding command manager
2024-06-03 15:48:33,688 INFO  SwAddin.cs: 263 - Adding Assembly export to file menu
2024-06-03 15:48:33,690 INFO  SwAddin.cs: 272 - Adding Part export to file menu
2024-06-03 15:48:33,690 INFO  SwAddin.cs: 210 - Adding event handlers
2024-06-03 15:48:33,703 INFO  SwAddin.cs: 217 - Connecting plugin to SolidWorks
2024-06-03 15:53:49,607 INFO  SwAddin.cs: 294 - Assembly export called for file 总装
2024-06-03 15:53:49,609 INFO  SwAddin.cs: 299 - Save is required
2024-06-03 15:53:49,609 INFO  SwAddin.cs: 313 - Saving assembly
2024-06-03 15:53:50,665 INFO  SwAddin.cs: 316 - Opening property manager
2024-06-03 15:53:50,698 INFO  ExportHelperExtension.cs: 1125 - Retrieving features of type [CoordSys] from 总装
2024-06-03 15:53:50,708 INFO  ExportHelperExtension.cs: 1136 - Found 53 in 总装
2024-06-03 15:53:50,709 INFO  ExportHelperExtension.cs: 1145 - Found 3 features of type [CoordSys] in 总装
2024-06-03 15:53:50,710 INFO  ExportHelperExtension.cs: 1148 - Proceeding through assembly components
2024-06-03 15:53:50,712 INFO  ExportHelperExtension.cs: 1160 - 23 components to check
2024-06-03 15:53:50,715 INFO  ExportHelperExtension.cs: 1125 - Retrieving features of type [CoordSys] from 履带-1-1
2024-06-03 15:53:50,715 INFO  ExportHelperExtension.cs: 1136 - Found 31 in 履带-1-1
2024-06-03 15:53:50,716 INFO  ExportHelperExtension.cs: 1145 - Found 0 features of type [CoordSys] in 履带-1-1
2024-06-03 15:53:50,717 INFO  ExportHelperExtension.cs: 1125 - Retrieving features of type [RefAxis] from 总装
2024-06-03 15:53:50,718 INFO  ExportHelperExtension.cs: 1136 - Found 53 in 总装
2024-06-03 15:53:50,718 INFO  ExportHelperExtension.cs: 1145 - Found 1 features of type [RefAxis] in 总装
2024-06-03 15:53:50,719 INFO  ExportHelperExtension.cs: 1148 - Proceeding through assembly components
2024-06-03 15:53:50,720 INFO  ExportHelperExtension.cs: 1160 - 23 components to check
2024-06-03 15:53:50,720 INFO  ExportHelperExtension.cs: 1125 - Retrieving features of type [RefAxis] from 履带-1-1
2024-06-03 15:53:50,723 INFO  ExportHelperExtension.cs: 1136 - Found 31 in 履带-1-1
2024-06-03 15:53:50,723 INFO  ExportHelperExtension.cs: 1145 - Found 0 features of type [RefAxis] in 履带-1-1
2024-06-03 15:53:51,241 INFO  SwAddin.cs: 339 - Loading config tree
2024-06-03 15:53:51,245 INFO  ExportPropertyManagerExtension.cs: 520 - Starting new configuration
2024-06-03 15:53:51,250 INFO  SwAddin.cs: 344 - Showing property manager
2024-06-03 15:53:56,389 INFO  ExportPropertyManager.cs: 1018 - OnComboboxSelectionChanged called. This method no longer throws an Exception. It just silently does nothing. Ok, except for this logging message
2024-06-03 15:54:02,278 INFO  ExportPropertyManager.cs: 1136 - OnNumberBoxTrackingCompleted called. This method no longer throws an Exception. It just silently does nothing. Ok, except for this logging message
2024-06-03 15:54:02,425 INFO  ExportPropertyManager.cs: 1136 - OnNumberBoxTrackingCompleted called. This method no longer throws an Exception. It just silently does nothing. Ok, except for this logging message
2024-06-03 15:54:13,380 INFO  ExportPropertyManager.cs: 1018 - OnComboboxSelectionChanged called. This method no longer throws an Exception. It just silently does nothing. Ok, except for this logging message
2024-06-03 15:54:17,180 INFO  ExportPropertyManager.cs: 1018 - OnComboboxSelectionChanged called. This method no longer throws an Exception. It just silently does nothing. Ok, except for this logging message
2024-06-03 15:54:18,604 INFO  ExportPropertyManager.cs: 1018 - OnComboboxSelectionChanged called. This method no longer throws an Exception. It just silently does nothing. Ok, except for this logging message
2024-06-03 15:55:24,491 INFO  ExportPropertyManager.cs: 1142 - AfterClose called. This method no longer throws an Exception. It just silently does nothing. Ok, except for this logging message
2024-06-03 16:05:25,392 INFO  SwAddin.cs: 294 - Assembly export called for file 总装
2024-06-03 16:05:25,392 INFO  SwAddin.cs: 299 - Save is required
2024-06-03 16:05:25,393 INFO  SwAddin.cs: 313 - Saving assembly
2024-06-03 16:05:26,342 INFO  SwAddin.cs: 316 - Opening property manager
2024-06-03 16:05:26,344 INFO  ExportHelperExtension.cs: 1125 - Retrieving features of type [CoordSys] from 总装
2024-06-03 16:05:26,345 INFO  ExportHelperExtension.cs: 1136 - Found 57 in 总装
2024-06-03 16:05:26,347 INFO  ExportHelperExtension.cs: 1145 - Found 3 features of type [CoordSys] in 总装
2024-06-03 16:05:26,347 INFO  ExportHelperExtension.cs: 1148 - Proceeding through assembly components
2024-06-03 16:05:26,348 INFO  ExportHelperExtension.cs: 1160 - 23 components to check
2024-06-03 16:05:26,348 INFO  ExportHelperExtension.cs: 1125 - Retrieving features of type [CoordSys] from 履带重新4-1
2024-06-03 16:05:26,350 INFO  ExportHelperExtension.cs: 1136 - Found 35 in 履带重新4-1
2024-06-03 16:05:26,351 INFO  ExportHelperExtension.cs: 1145 - Found 0 features of type [CoordSys] in 履带重新4-1
2024-06-03 16:05:26,352 INFO  ExportHelperExtension.cs: 1125 - Retrieving features of type [RefAxis] from 总装
2024-06-03 16:05:26,352 INFO  ExportHelperExtension.cs: 1136 - Found 57 in 总装
2024-06-03 16:05:26,353 INFO  ExportHelperExtension.cs: 1145 - Found 1 features of type [RefAxis] in 总装
2024-06-03 16:05:26,353 INFO  ExportHelperExtension.cs: 1148 - Proceeding through assembly components
2024-06-03 16:05:26,354 INFO  ExportHelperExtension.cs: 1160 - 23 components to check
2024-06-03 16:05:26,354 INFO  ExportHelperExtension.cs: 1125 - Retrieving features of type [RefAxis] from 履带重新4-1
2024-06-03 16:05:26,355 INFO  ExportHelperExtension.cs: 1136 - Found 35 in 履带重新4-1
2024-06-03 16:05:26,356 INFO  ExportHelperExtension.cs: 1145 - Found 0 features of type [RefAxis] in 履带重新4-1
2024-06-03 16:05:26,672 INFO  SwAddin.cs: 339 - Loading config tree
2024-06-03 16:05:26,673 INFO  ExportPropertyManagerExtension.cs: 520 - Starting new configuration
2024-06-03 16:05:26,675 INFO  SwAddin.cs: 344 - Showing property manager
2024-06-03 16:05:31,788 INFO  ExportPropertyManager.cs: 1018 - OnComboboxSelectionChanged called. This method no longer throws an Exception. It just silently does nothing. Ok, except for this logging message
2024-06-03 16:05:38,209 INFO  ExportPropertyManager.cs: 1136 - OnNumberBoxTrackingCompleted called. This method no longer throws an Exception. It just silently does nothing. Ok, except for this logging message
2024-06-03 16:05:38,371 INFO  ExportPropertyManager.cs: 1136 - OnNumberBoxTrackingCompleted called. This method no longer throws an Exception. It just silently does nothing. Ok, except for this logging message
2024-06-03 16:06:14,632 INFO  ExportPropertyManager.cs: 1018 - OnComboboxSelectionChanged called. This method no longer throws an Exception. It just silently does nothing. Ok, except for this logging message
2024-06-03 16:06:15,791 INFO  ExportPropertyManager.cs: 1018 - OnComboboxSelectionChanged called. This method no longer throws an Exception. It just silently does nothing. Ok, except for this logging message
2024-06-03 16:06:17,588 INFO  ExportPropertyManager.cs: 1018 - OnComboboxSelectionChanged called. This method no longer throws an Exception. It just silently does nothing. Ok, except for this logging message
2024-06-03 16:06:39,807 INFO  ExportPropertyManager.cs: 416 - Configuration canceled
2024-06-03 16:06:39,873 INFO  ExportPropertyManager.cs: 1142 - AfterClose called. This method no longer throws an Exception. It just silently does nothing. Ok, except for this logging message
2024-06-03 16:07:03,247 INFO  SwAddin.cs: 294 - Assembly export called for file 总装
2024-06-03 16:07:06,805 INFO  SwAddin.cs: 313 - Saving assembly
2024-06-03 16:07:07,192 INFO  SwAddin.cs: 316 - Opening property manager
2024-06-03 16:07:07,245 INFO  ExportHelperExtension.cs: 1125 - Retrieving features of type [CoordSys] from 总装
2024-06-03 16:07:07,246 INFO  ExportHelperExtension.cs: 1136 - Found 57 in 总装
2024-06-03 16:07:07,247 INFO  ExportHelperExtension.cs: 1145 - Found 3 features of type [CoordSys] in 总装
2024-06-03 16:07:07,248 INFO  ExportHelperExtension.cs: 1148 - Proceeding through assembly components
2024-06-03 16:07:07,248 INFO  ExportHelperExtension.cs: 1160 - 23 components to check
2024-06-03 16:07:07,249 INFO  ExportHelperExtension.cs: 1125 - Retrieving features of type [CoordSys] from 履带重新4-1
2024-06-03 16:07:07,250 INFO  ExportHelperExtension.cs: 1136 - Found 35 in 履带重新4-1
2024-06-03 16:07:07,250 INFO  ExportHelperExtension.cs: 1145 - Found 0 features of type [CoordSys] in 履带重新4-1
2024-06-03 16:07:07,250 INFO  ExportHelperExtension.cs: 1125 - Retrieving features of type [RefAxis] from 总装
2024-06-03 16:07:07,251 INFO  ExportHelperExtension.cs: 1136 - Found 57 in 总装
2024-06-03 16:07:07,252 INFO  ExportHelperExtension.cs: 1145 - Found 1 features of type [RefAxis] in 总装
2024-06-03 16:07:07,252 INFO  ExportHelperExtension.cs: 1148 - Proceeding through assembly components
2024-06-03 16:07:07,253 INFO  ExportHelperExtension.cs: 1160 - 23 components to check
2024-06-03 16:07:07,253 INFO  ExportHelperExtension.cs: 1125 - Retrieving features of type [RefAxis] from 履带重新4-1
2024-06-03 16:07:07,254 INFO  ExportHelperExtension.cs: 1136 - Found 35 in 履带重新4-1
2024-06-03 16:07:07,254 INFO  ExportHelperExtension.cs: 1145 - Found 0 features of type [RefAxis] in 履带重新4-1
2024-06-03 16:07:07,391 INFO  SwAddin.cs: 339 - Loading config tree
2024-06-03 16:07:07,392 INFO  ExportPropertyManagerExtension.cs: 520 - Starting new configuration
2024-06-03 16:07:07,394 INFO  SwAddin.cs: 344 - Showing property manager
2024-06-03 16:07:11,600 INFO  ExportPropertyManager.cs: 1136 - OnNumberBoxTrackingCompleted called. This method no longer throws an Exception. It just silently does nothing. Ok, except for this logging message
2024-06-03 16:07:11,724 INFO  ExportPropertyManager.cs: 1136 - OnNumberBoxTrackingCompleted called. This method no longer throws an Exception. It just silently does nothing. Ok, except for this logging message
2024-06-03 16:08:11,384 INFO  ExportPropertyManager.cs: 416 - Configuration canceled
2024-06-03 16:08:11,449 INFO  ExportPropertyManager.cs: 1142 - AfterClose called. This method no longer throws an Exception. It just silently does nothing. Ok, except for this logging message
2024-06-03 16:08:17,324 INFO  SwAddin.cs: 294 - Assembly export called for file 总装
2024-06-03 16:08:18,340 INFO  SwAddin.cs: 313 - Saving assembly
2024-06-03 16:08:18,714 INFO  SwAddin.cs: 316 - Opening property manager
2024-06-03 16:08:18,715 INFO  ExportHelperExtension.cs: 1125 - Retrieving features of type [CoordSys] from 总装
2024-06-03 16:08:18,715 INFO  ExportHelperExtension.cs: 1136 - Found 57 in 总装
2024-06-03 16:08:18,716 INFO  ExportHelperExtension.cs: 1145 - Found 3 features of type [CoordSys] in 总装
2024-06-03 16:08:18,716 INFO  ExportHelperExtension.cs: 1148 - Proceeding through assembly components
2024-06-03 16:08:18,716 INFO  ExportHelperExtension.cs: 1160 - 23 components to check
2024-06-03 16:08:18,716 INFO  ExportHelperExtension.cs: 1125 - Retrieving features of type [CoordSys] from 履带重新4-1
2024-06-03 16:08:18,717 INFO  ExportHelperExtension.cs: 1136 - Found 35 in 履带重新4-1
2024-06-03 16:08:18,717 INFO  ExportHelperExtension.cs: 1145 - Found 0 features of type [CoordSys] in 履带重新4-1
2024-06-03 16:08:18,717 INFO  ExportHelperExtension.cs: 1125 - Retrieving features of type [RefAxis] from 总装
2024-06-03 16:08:18,718 INFO  ExportHelperExtension.cs: 1136 - Found 57 in 总装
2024-06-03 16:08:18,718 INFO  ExportHelperExtension.cs: 1145 - Found 1 features of type [RefAxis] in 总装
2024-06-03 16:08:18,719 INFO  ExportHelperExtension.cs: 1148 - Proceeding through assembly components
2024-06-03 16:08:18,720 INFO  ExportHelperExtension.cs: 1160 - 23 components to check
2024-06-03 16:08:18,720 INFO  ExportHelperExtension.cs: 1125 - Retrieving features of type [RefAxis] from 履带重新4-1
2024-06-03 16:08:18,721 INFO  ExportHelperExtension.cs: 1136 - Found 35 in 履带重新4-1
2024-06-03 16:08:18,722 INFO  ExportHelperExtension.cs: 1145 - Found 0 features of type [RefAxis] in 履带重新4-1
2024-06-03 16:08:18,892 INFO  SwAddin.cs: 339 - Loading config tree
2024-06-03 16:08:18,892 INFO  ExportPropertyManagerExtension.cs: 520 - Starting new configuration
2024-06-03 16:08:18,895 INFO  SwAddin.cs: 344 - Showing property manager
2024-06-03 16:08:21,383 INFO  ExportPropertyManager.cs: 1018 - OnComboboxSelectionChanged called. This method no longer throws an Exception. It just silently does nothing. Ok, except for this logging message
2024-06-03 16:08:24,499 INFO  ExportPropertyManager.cs: 1136 - OnNumberBoxTrackingCompleted called. This method no longer throws an Exception. It just silently does nothing. Ok, except for this logging message
2024-06-03 16:08:24,664 INFO  ExportPropertyManager.cs: 1136 - OnNumberBoxTrackingCompleted called. This method no longer throws an Exception. It just silently does nothing. Ok, except for this logging message
2024-06-03 16:08:36,508 INFO  ExportPropertyManager.cs: 1018 - OnComboboxSelectionChanged called. This method no longer throws an Exception. It just silently does nothing. Ok, except for this logging message
2024-06-03 16:08:38,490 INFO  ExportPropertyManager.cs: 1018 - OnComboboxSelectionChanged called. This method no longer throws an Exception. It just silently does nothing. Ok, except for this logging message
2024-06-03 16:08:41,763 INFO  ExportPropertyManager.cs: 1018 - OnComboboxSelectionChanged called. This method no longer throws an Exception. It just silently does nothing. Ok, except for this logging message
2024-06-03 16:08:43,345 INFO  ExportPropertyManager.cs: 1018 - OnComboboxSelectionChanged called. This method no longer throws an Exception. It just silently does nothing. Ok, except for this logging message
2024-06-03 16:09:12,641 INFO  ExportPropertyManager.cs: 1018 - OnComboboxSelectionChanged called. This method no longer throws an Exception. It just silently does nothing. Ok, except for this logging message
2024-06-03 16:09:14,724 INFO  ExportPropertyManager.cs: 1018 - OnComboboxSelectionChanged called. This method no longer throws an Exception. It just silently does nothing. Ok, except for this logging message
2024-06-03 16:09:15,909 INFO  ExportPropertyManager.cs: 1018 - OnComboboxSelectionChanged called. This method no longer throws an Exception. It just silently does nothing. Ok, except for this logging message
2024-06-03 16:09:17,179 INFO  ExportPropertyManager.cs: 1018 - OnComboboxSelectionChanged called. This method no longer throws an Exception. It just silently does nothing. Ok, except for this logging message
2024-06-03 16:10:10,354 INFO  ExportPropertyManager.cs: 422 - Configuration saved
2024-06-03 16:10:10,592 INFO  ExportPropertyManager.cs: 1142 - AfterClose called. This method no longer throws an Exception. It just silently does nothing. Ok, except for this logging message
2024-06-03 16:10:22,707 INFO  ExportHelperExtension.cs: 347 - Creating joint wheel_lf_link
2024-06-03 16:10:24,081 WARN  ExportHelperExtension.cs: 351 - Creating joint from parent base_link to child wheel_lf_link failed
2024-06-03 16:10:24,264 INFO  ExportHelperExtension.cs: 347 - Creating joint wheel_rf_link
2024-06-03 16:10:24,297 WARN  ExportHelperExtension.cs: 351 - Creating joint from parent base_link to child wheel_rf_link failed
2024-06-03 16:10:24,664 INFO  ExportHelperExtension.cs: 1125 - Retrieving features of type [CoordSys] from 总装
2024-06-03 16:10:24,669 INFO  ExportHelperExtension.cs: 1136 - Found 58 in 总装
2024-06-03 16:10:24,669 INFO  ExportHelperExtension.cs: 1145 - Found 3 features of type [CoordSys] in 总装
2024-06-03 16:10:24,669 INFO  ExportHelperExtension.cs: 1148 - Proceeding through assembly components
2024-06-03 16:10:24,669 INFO  ExportHelperExtension.cs: 1160 - 23 components to check
2024-06-03 16:10:24,670 INFO  ExportHelperExtension.cs: 1125 - Retrieving features of type [CoordSys] from 底层支撑横梁-1-2
2024-06-03 16:10:24,670 INFO  ExportHelperExtension.cs: 1136 - Found 26 in 底层支撑横梁-1-2
2024-06-03 16:10:24,671 INFO  ExportHelperExtension.cs: 1145 - Found 0 features of type [CoordSys] in 底层支撑横梁-1-2
2024-06-03 16:10:24,671 INFO  ExportHelperExtension.cs: 1125 - Retrieving features of type [CoordSys] from 空开-1-1
2024-06-03 16:10:24,671 INFO  ExportHelperExtension.cs: 1136 - Found 26 in 空开-1-1
2024-06-03 16:10:24,672 INFO  ExportHelperExtension.cs: 1145 - Found 0 features of type [CoordSys] in 空开-1-1
2024-06-03 16:10:24,672 INFO  ExportHelperExtension.cs: 1125 - Retrieving features of type [CoordSys] from 驱动器舱体-1-1
2024-06-03 16:10:24,672 INFO  ExportHelperExtension.cs: 1136 - Found 26 in 驱动器舱体-1-1
2024-06-03 16:10:24,673 INFO  ExportHelperExtension.cs: 1145 - Found 0 features of type [CoordSys] in 驱动器舱体-1-1
2024-06-03 16:10:24,673 INFO  ExportHelperExtension.cs: 1125 - Retrieving features of type [CoordSys] from 铝板_车体底部支撑-1-1
2024-06-03 16:10:24,673 INFO  ExportHelperExtension.cs: 1136 - Found 26 in 铝板_车体底部支撑-1-1
2024-06-03 16:10:24,674 INFO  ExportHelperExtension.cs: 1145 - Found 0 features of type [CoordSys] in 铝板_车体底部支撑-1-1
2024-06-03 16:10:24,674 INFO  ExportHelperExtension.cs: 1125 - Retrieving features of type [CoordSys] from 电池隔离舱-1-1
2024-06-03 16:10:24,674 INFO  ExportHelperExtension.cs: 1136 - Found 29 in 电池隔离舱-1-1
2024-06-03 16:10:24,675 INFO  ExportHelperExtension.cs: 1145 - Found 0 features of type [CoordSys] in 电池隔离舱-1-1
2024-06-03 16:10:24,675 INFO  ExportHelperExtension.cs: 1125 - Retrieving features of type [CoordSys] from 4040 Aluminum Extrusion Profile 2-2-1
2024-06-03 16:10:24,675 INFO  ExportHelperExtension.cs: 1136 - Found 26 in 4040 Aluminum Extrusion Profile 2-2-1
2024-06-03 16:10:24,676 INFO  ExportHelperExtension.cs: 1145 - Found 0 features of type [CoordSys] in 4040 Aluminum Extrusion Profile 2-2-1
2024-06-03 16:10:24,676 INFO  ExportHelperExtension.cs: 1125 - Retrieving features of type [CoordSys] from 4040 Aluminum Extrusion Profile-2-1
2024-06-03 16:10:24,676 INFO  ExportHelperExtension.cs: 1136 - Found 26 in 4040 Aluminum Extrusion Profile-2-1
2024-06-03 16:10:24,676 INFO  ExportHelperExtension.cs: 1145 - Found 0 features of type [CoordSys] in 4040 Aluminum Extrusion Profile-2-1
2024-06-03 16:10:24,677 INFO  ExportHelperExtension.cs: 1125 - Retrieving features of type [CoordSys] from 4040 Aluminum Extrusion Profile-2-2
2024-06-03 16:10:24,677 INFO  ExportHelperExtension.cs: 1136 - Found 26 in 4040 Aluminum Extrusion Profile-2-2
2024-06-03 16:10:24,677 INFO  ExportHelperExtension.cs: 1145 - Found 0 features of type [CoordSys] in 4040 Aluminum Extrusion Profile-2-2
2024-06-03 16:10:24,677 INFO  ExportHelperExtension.cs: 1125 - Retrieving features of type [CoordSys] from 电池仓-1-1
2024-06-03 16:10:24,677 INFO  ExportHelperExtension.cs: 1136 - Found 26 in 电池仓-1-1
2024-06-03 16:10:24,679 INFO  ExportHelperExtension.cs: 1145 - Found 0 features of type [CoordSys] in 电池仓-1-1
2024-06-03 16:10:24,679 INFO  ExportHelperExtension.cs: 1125 - Retrieving features of type [CoordSys] from 驱动仓盖板-1-1
2024-06-03 16:10:24,679 INFO  ExportHelperExtension.cs: 1136 - Found 26 in 驱动仓盖板-1-1
2024-06-03 16:10:24,680 INFO  ExportHelperExtension.cs: 1145 - Found 0 features of type [CoordSys] in 驱动仓盖板-1-1
2024-06-03 16:10:24,680 INFO  ExportHelperExtension.cs: 1125 - Retrieving features of type [CoordSys] from 底层支撑横梁-1-1
2024-06-03 16:10:24,680 INFO  ExportHelperExtension.cs: 1136 - Found 26 in 底层支撑横梁-1-1
2024-06-03 16:10:24,681 INFO  ExportHelperExtension.cs: 1145 - Found 0 features of type [CoordSys] in 底层支撑横梁-1-1
2024-06-03 16:10:24,681 INFO  ExportHelperExtension.cs: 1125 - Retrieving features of type [CoordSys] from motor-2-1
2024-06-03 16:10:24,682 INFO  ExportHelperExtension.cs: 1136 - Found 26 in motor-2-1
2024-06-03 16:10:24,682 INFO  ExportHelperExtension.cs: 1145 - Found 0 features of type [CoordSys] in motor-2-1
2024-06-03 16:10:24,682 INFO  ExportHelperExtension.cs: 1125 - Retrieving features of type [CoordSys] from 中间层铝板-1-1
2024-06-03 16:10:24,683 INFO  ExportHelperExtension.cs: 1136 - Found 26 in 中间层铝板-1-1
2024-06-03 16:10:24,683 INFO  ExportHelperExtension.cs: 1145 - Found 0 features of type [CoordSys] in 中间层铝板-1-1
2024-06-03 16:10:24,683 INFO  ExportHelperExtension.cs: 1125 - Retrieving features of type [CoordSys] from motor-2-2
2024-06-03 16:10:24,684 INFO  ExportHelperExtension.cs: 1136 - Found 26 in motor-2-2
2024-06-03 16:10:24,684 INFO  ExportHelperExtension.cs: 1145 - Found 0 features of type [CoordSys] in motor-2-2
2024-06-03 16:10:24,684 INFO  ExportHelperExtension.cs: 1125 - Retrieving features of type [CoordSys] from 夹爪配合-1-1
2024-06-03 16:10:24,684 INFO  ExportHelperExtension.cs: 1136 - Found 35 in 夹爪配合-1-1
2024-06-03 16:10:24,685 INFO  ExportHelperExtension.cs: 1145 - Found 0 features of type [CoordSys] in 夹爪配合-1-1
2024-06-03 16:10:24,685 INFO  ExportHelperExtension.cs: 1125 - Retrieving features of type [CoordSys] from 夹爪滑台连接件-2-1
2024-06-03 16:10:24,685 INFO  ExportHelperExtension.cs: 1136 - Found 26 in 夹爪滑台连接件-2-1
2024-06-03 16:10:24,686 INFO  ExportHelperExtension.cs: 1145 - Found 0 features of type [CoordSys] in 夹爪滑台连接件-2-1
2024-06-03 16:10:24,686 INFO  ExportHelperExtension.cs: 1125 - Retrieving features of type [CoordSys] from 上层保护壳-1-1
2024-06-03 16:10:24,686 INFO  ExportHelperExtension.cs: 1136 - Found 26 in 上层保护壳-1-1
2024-06-03 16:10:24,687 INFO  ExportHelperExtension.cs: 1145 - Found 0 features of type [CoordSys] in 上层保护壳-1-1
2024-06-03 16:10:24,687 INFO  ExportHelperExtension.cs: 1125 - Retrieving features of type [CoordSys] from 滑台RXP45-L600-1-1
2024-06-03 16:10:24,687 INFO  ExportHelperExtension.cs: 1136 - Found 77 in 滑台RXP45-L600-1-1
2024-06-03 16:10:24,688 INFO  ExportHelperExtension.cs: 1145 - Found 0 features of type [CoordSys] in 滑台RXP45-L600-1-1
2024-06-03 16:10:24,688 INFO  ExportHelperExtension.cs: 1125 - Retrieving features of type [CoordSys] from 滑台z轴支架-1-1
2024-06-03 16:10:24,689 INFO  ExportHelperExtension.cs: 1136 - Found 26 in 滑台z轴支架-1-1
2024-06-03 16:10:24,689 INFO  ExportHelperExtension.cs: 1145 - Found 0 features of type [CoordSys] in 滑台z轴支架-1-1
2024-06-03 16:10:24,690 INFO  ExportHelperExtension.cs: 1125 - Retrieving features of type [CoordSys] from 滑台RXP45-L600-1-2
2024-06-03 16:10:24,690 INFO  ExportHelperExtension.cs: 1136 - Found 77 in 滑台RXP45-L600-1-2
2024-06-03 16:10:24,690 INFO  ExportHelperExtension.cs: 1145 - Found 0 features of type [CoordSys] in 滑台RXP45-L600-1-2
2024-06-03 16:10:24,691 INFO  ExportHelperExtension.cs: 1125 - Retrieving features of type [CoordSys] from 电气载板-1-1
2024-06-03 16:10:24,691 INFO  ExportHelperExtension.cs: 1136 - Found 26 in 电气载板-1-1
2024-06-03 16:10:24,691 INFO  ExportHelperExtension.cs: 1145 - Found 0 features of type [CoordSys] in 电气载板-1-1
2024-06-03 16:10:24,692 INFO  ExportHelperExtension.cs: 1125 - Retrieving features of type [CoordSys] from 滑台RXP45-L600-1-3
2024-06-03 16:10:24,692 INFO  ExportHelperExtension.cs: 1136 - Found 77 in 滑台RXP45-L600-1-3
2024-06-03 16:10:24,692 INFO  ExportHelperExtension.cs: 1145 - Found 0 features of type [CoordSys] in 滑台RXP45-L600-1-3
2024-06-03 16:10:24,693 INFO  ExportHelperExtension.cs: 1125 - Retrieving features of type [CoordSys] from 履带重新4-1
2024-06-03 16:10:24,693 INFO  ExportHelperExtension.cs: 1136 - Found 35 in 履带重新4-1
2024-06-03 16:10:24,693 INFO  ExportHelperExtension.cs: 1145 - Found 0 features of type [CoordSys] in 履带重新4-1
2024-06-03 16:10:24,694 INFO  ExportHelperExtension.cs: 1125 - Retrieving features of type [RefAxis] from 总装
2024-06-03 16:10:24,694 INFO  ExportHelperExtension.cs: 1136 - Found 58 in 总装
2024-06-03 16:10:24,695 INFO  ExportHelperExtension.cs: 1145 - Found 1 features of type [RefAxis] in 总装
2024-06-03 16:10:24,695 INFO  ExportHelperExtension.cs: 1148 - Proceeding through assembly components
2024-06-03 16:10:24,695 INFO  ExportHelperExtension.cs: 1160 - 23 components to check
2024-06-03 16:10:24,695 INFO  ExportHelperExtension.cs: 1125 - Retrieving features of type [RefAxis] from 底层支撑横梁-1-2
2024-06-03 16:10:24,696 INFO  ExportHelperExtension.cs: 1136 - Found 26 in 底层支撑横梁-1-2
2024-06-03 16:10:24,696 INFO  ExportHelperExtension.cs: 1145 - Found 0 features of type [RefAxis] in 底层支撑横梁-1-2
2024-06-03 16:10:24,696 INFO  ExportHelperExtension.cs: 1125 - Retrieving features of type [RefAxis] from 空开-1-1
2024-06-03 16:10:24,697 INFO  ExportHelperExtension.cs: 1136 - Found 26 in 空开-1-1
2024-06-03 16:10:24,697 INFO  ExportHelperExtension.cs: 1145 - Found 0 features of type [RefAxis] in 空开-1-1
2024-06-03 16:10:24,697 INFO  ExportHelperExtension.cs: 1125 - Retrieving features of type [RefAxis] from 驱动器舱体-1-1
2024-06-03 16:10:24,698 INFO  ExportHelperExtension.cs: 1136 - Found 26 in 驱动器舱体-1-1
2024-06-03 16:10:24,701 INFO  ExportHelperExtension.cs: 1145 - Found 0 features of type [RefAxis] in 驱动器舱体-1-1
2024-06-03 16:10:24,702 INFO  ExportHelperExtension.cs: 1125 - Retrieving features of type [RefAxis] from 铝板_车体底部支撑-1-1
2024-06-03 16:10:24,717 INFO  ExportHelperExtension.cs: 1136 - Found 26 in 铝板_车体底部支撑-1-1
2024-06-03 16:10:24,717 INFO  ExportHelperExtension.cs: 1145 - Found 0 features of type [RefAxis] in 铝板_车体底部支撑-1-1
2024-06-03 16:10:24,718 INFO  ExportHelperExtension.cs: 1125 - Retrieving features of type [RefAxis] from 电池隔离舱-1-1
2024-06-03 16:10:24,718 INFO  ExportHelperExtension.cs: 1136 - Found 29 in 电池隔离舱-1-1
2024-06-03 16:10:24,718 INFO  ExportHelperExtension.cs: 1145 - Found 0 features of type [RefAxis] in 电池隔离舱-1-1
2024-06-03 16:10:24,719 INFO  ExportHelperExtension.cs: 1125 - Retrieving features of type [RefAxis] from 4040 Aluminum Extrusion Profile 2-2-1
2024-06-03 16:10:24,719 INFO  ExportHelperExtension.cs: 1136 - Found 26 in 4040 Aluminum Extrusion Profile 2-2-1
2024-06-03 16:10:24,719 INFO  ExportHelperExtension.cs: 1145 - Found 0 features of type [RefAxis] in 4040 Aluminum Extrusion Profile 2-2-1
2024-06-03 16:10:24,719 INFO  ExportHelperExtension.cs: 1125 - Retrieving features of type [RefAxis] from 4040 Aluminum Extrusion Profile-2-1
2024-06-03 16:10:24,719 INFO  ExportHelperExtension.cs: 1136 - Found 26 in 4040 Aluminum Extrusion Profile-2-1
2024-06-03 16:10:24,720 INFO  ExportHelperExtension.cs: 1145 - Found 0 features of type [RefAxis] in 4040 Aluminum Extrusion Profile-2-1
2024-06-03 16:10:24,720 INFO  ExportHelperExtension.cs: 1125 - Retrieving features of type [RefAxis] from 4040 Aluminum Extrusion Profile-2-2
2024-06-03 16:10:24,720 INFO  ExportHelperExtension.cs: 1136 - Found 26 in 4040 Aluminum Extrusion Profile-2-2
2024-06-03 16:10:24,720 INFO  ExportHelperExtension.cs: 1145 - Found 0 features of type [RefAxis] in 4040 Aluminum Extrusion Profile-2-2
2024-06-03 16:10:24,721 INFO  ExportHelperExtension.cs: 1125 - Retrieving features of type [RefAxis] from 电池仓-1-1
2024-06-03 16:10:24,721 INFO  ExportHelperExtension.cs: 1136 - Found 26 in 电池仓-1-1
2024-06-03 16:10:24,721 INFO  ExportHelperExtension.cs: 1145 - Found 0 features of type [RefAxis] in 电池仓-1-1
2024-06-03 16:10:24,722 INFO  ExportHelperExtension.cs: 1125 - Retrieving features of type [RefAxis] from 驱动仓盖板-1-1
2024-06-03 16:10:24,722 INFO  ExportHelperExtension.cs: 1136 - Found 26 in 驱动仓盖板-1-1
2024-06-03 16:10:24,722 INFO  ExportHelperExtension.cs: 1145 - Found 0 features of type [RefAxis] in 驱动仓盖板-1-1
2024-06-03 16:10:24,723 INFO  ExportHelperExtension.cs: 1125 - Retrieving features of type [RefAxis] from 底层支撑横梁-1-1
2024-06-03 16:10:24,723 INFO  ExportHelperExtension.cs: 1136 - Found 26 in 底层支撑横梁-1-1
2024-06-03 16:10:24,723 INFO  ExportHelperExtension.cs: 1145 - Found 0 features of type [RefAxis] in 底层支撑横梁-1-1
2024-06-03 16:10:24,724 INFO  ExportHelperExtension.cs: 1125 - Retrieving features of type [RefAxis] from motor-2-1
2024-06-03 16:10:24,724 INFO  ExportHelperExtension.cs: 1136 - Found 26 in motor-2-1
2024-06-03 16:10:24,724 INFO  ExportHelperExtension.cs: 1145 - Found 0 features of type [RefAxis] in motor-2-1
2024-06-03 16:10:24,724 INFO  ExportHelperExtension.cs: 1125 - Retrieving features of type [RefAxis] from 中间层铝板-1-1
2024-06-03 16:10:24,725 INFO  ExportHelperExtension.cs: 1136 - Found 26 in 中间层铝板-1-1
2024-06-03 16:10:24,725 INFO  ExportHelperExtension.cs: 1145 - Found 0 features of type [RefAxis] in 中间层铝板-1-1
2024-06-03 16:10:24,725 INFO  ExportHelperExtension.cs: 1125 - Retrieving features of type [RefAxis] from motor-2-2
2024-06-03 16:10:24,726 INFO  ExportHelperExtension.cs: 1136 - Found 26 in motor-2-2
2024-06-03 16:10:24,726 INFO  ExportHelperExtension.cs: 1145 - Found 0 features of type [RefAxis] in motor-2-2
2024-06-03 16:10:24,726 INFO  ExportHelperExtension.cs: 1125 - Retrieving features of type [RefAxis] from 夹爪配合-1-1
2024-06-03 16:10:24,727 INFO  ExportHelperExtension.cs: 1136 - Found 35 in 夹爪配合-1-1
2024-06-03 16:10:24,727 INFO  ExportHelperExtension.cs: 1145 - Found 0 features of type [RefAxis] in 夹爪配合-1-1
2024-06-03 16:10:24,727 INFO  ExportHelperExtension.cs: 1125 - Retrieving features of type [RefAxis] from 夹爪滑台连接件-2-1
2024-06-03 16:10:24,727 INFO  ExportHelperExtension.cs: 1136 - Found 26 in 夹爪滑台连接件-2-1
2024-06-03 16:10:24,728 INFO  ExportHelperExtension.cs: 1145 - Found 0 features of type [RefAxis] in 夹爪滑台连接件-2-1
2024-06-03 16:10:24,729 INFO  ExportHelperExtension.cs: 1125 - Retrieving features of type [RefAxis] from 上层保护壳-1-1
2024-06-03 16:10:24,729 INFO  ExportHelperExtension.cs: 1136 - Found 26 in 上层保护壳-1-1
2024-06-03 16:10:24,729 INFO  ExportHelperExtension.cs: 1145 - Found 0 features of type [RefAxis] in 上层保护壳-1-1
2024-06-03 16:10:24,729 INFO  ExportHelperExtension.cs: 1125 - Retrieving features of type [RefAxis] from 滑台RXP45-L600-1-1
2024-06-03 16:10:24,730 INFO  ExportHelperExtension.cs: 1136 - Found 77 in 滑台RXP45-L600-1-1
2024-06-03 16:10:24,730 INFO  ExportHelperExtension.cs: 1145 - Found 0 features of type [RefAxis] in 滑台RXP45-L600-1-1
2024-06-03 16:10:24,730 INFO  ExportHelperExtension.cs: 1125 - Retrieving features of type [RefAxis] from 滑台z轴支架-1-1
2024-06-03 16:10:24,731 INFO  ExportHelperExtension.cs: 1136 - Found 26 in 滑台z轴支架-1-1
2024-06-03 16:10:24,731 INFO  ExportHelperExtension.cs: 1145 - Found 0 features of type [RefAxis] in 滑台z轴支架-1-1
2024-06-03 16:10:24,731 INFO  ExportHelperExtension.cs: 1125 - Retrieving features of type [RefAxis] from 滑台RXP45-L600-1-2
2024-06-03 16:10:24,732 INFO  ExportHelperExtension.cs: 1136 - Found 77 in 滑台RXP45-L600-1-2
2024-06-03 16:10:24,732 INFO  ExportHelperExtension.cs: 1145 - Found 0 features of type [RefAxis] in 滑台RXP45-L600-1-2
2024-06-03 16:10:24,732 INFO  ExportHelperExtension.cs: 1125 - Retrieving features of type [RefAxis] from 电气载板-1-1
2024-06-03 16:10:24,733 INFO  ExportHelperExtension.cs: 1136 - Found 26 in 电气载板-1-1
2024-06-03 16:10:24,733 INFO  ExportHelperExtension.cs: 1145 - Found 0 features of type [RefAxis] in 电气载板-1-1
2024-06-03 16:10:24,733 INFO  ExportHelperExtension.cs: 1125 - Retrieving features of type [RefAxis] from 滑台RXP45-L600-1-3
2024-06-03 16:10:24,734 INFO  ExportHelperExtension.cs: 1136 - Found 77 in 滑台RXP45-L600-1-3
2024-06-03 16:10:24,734 INFO  ExportHelperExtension.cs: 1145 - Found 0 features of type [RefAxis] in 滑台RXP45-L600-1-3
2024-06-03 16:10:24,734 INFO  ExportHelperExtension.cs: 1125 - Retrieving features of type [RefAxis] from 履带重新4-1
2024-06-03 16:10:24,734 INFO  ExportHelperExtension.cs: 1136 - Found 35 in 履带重新4-1
2024-06-03 16:10:24,735 INFO  ExportHelperExtension.cs: 1145 - Found 0 features of type [RefAxis] in 履带重新4-1
2024-06-03 16:11:18,693 INFO  AssemblyExportForm.cs: 253 - Completing URDF export
2024-06-03 16:11:18,700 INFO  ConfigurationSerialization.cs: 276 - URDF Configuration found
<Link z:Id="i1" xmlns="http://schemas.datacontract.org/2004/07/SW2URDF" xmlns:i="http://www.w3.org/2001/XMLSchema-instance" xmlns:z="http://schemas.microsoft.com/2003/10/Serialization/"><Attributes><Attribute z:Id="i2"><AttributeType>name</AttributeType><IsRequired>true</IsRequired><Value i:type="a:string" xmlns:a="http://www.w3.org/2001/XMLSchema">base_link</Value></Attribute></Attributes><ChildElements><URDFElement z:Id="i3" i:type="Inertial"><Attributes/><ChildElements><URDFElement z:Id="i4" i:type="Origin"><Attributes><Attribute z:Id="i5"><AttributeType>xyz</AttributeType><IsRequired>true</IsRequired><Value i:type="a:ArrayOfdouble" xmlns:a="http://schemas.microsoft.com/2003/10/Serialization/Arrays"><a:double>0</a:double><a:double>0</a:double><a:double>0</a:double></Value></Attribute><Attribute z:Id="i6"><AttributeType>rpy</AttributeType><IsRequired>true</IsRequired><Value i:type="a:ArrayOfdouble" xmlns:a="http://schemas.microsoft.com/2003/10/Serialization/Arrays"><a:double>0</a:double><a:double>0</a:double><a:double>0</a:double></Value></Attribute></Attributes><ChildElements/><ElementName>origin</ElementName><required>false</required><RPYAttribute z:Ref="i6"/><XYZAttribute z:Ref="i5"/><isCustomized>false</isCustomized></URDFElement><URDFElement z:Id="i7" i:type="Mass"><Attributes><Attribute z:Id="i8"><AttributeType>value</AttributeType><IsRequired>true</IsRequired><Value i:type="a:double" xmlns:a="http://www.w3.org/2001/XMLSchema">0</Value></Attribute></Attributes><ChildElements/><ElementName>mass</ElementName><required>false</required><ValueAttribute z:Ref="i8"/></URDFElement><URDFElement z:Id="i9" i:type="Inertia"><Attributes><Attribute z:Id="i10"><AttributeType>ixx</AttributeType><IsRequired>true</IsRequired><Value i:type="a:double" xmlns:a="http://www.w3.org/2001/XMLSchema">0</Value></Attribute><Attribute z:Id="i11"><AttributeType>ixy</AttributeType><IsRequired>true</IsRequired><Value i:type="a:double" xmlns:a="http://www.w3.org/2001/XMLSchema">0</Value></Attribute><Attribute z:Id="i12"><AttributeType>ixz</AttributeType><IsRequired>true</IsRequired><Value i:type="a:double" xmlns:a="http://www.w3.org/2001/XMLSchema">0</Value></Attribute><Attribute z:Id="i13"><AttributeType>iyy</AttributeType><IsRequired>true</IsRequired><Value i:type="a:double" xmlns:a="http://www.w3.org/2001/XMLSchema">0</Value></Attribute><Attribute z:Id="i14"><AttributeType>iyz</AttributeType><IsRequired>true</IsRequired><Value i:type="a:double" xmlns:a="http://www.w3.org/2001/XMLSchema">0</Value></Attribute><Attribute z:Id="i15"><AttributeType>izz</AttributeType><IsRequired>true</IsRequired><Value i:type="a:double" xmlns:a="http://www.w3.org/2001/XMLSchema">0</Value></Attribute></Attributes><ChildElements/><ElementName>inertia</ElementName><required>false</required><IxxAttribute z:Ref="i10"/><IxyAttribute z:Ref="i11"/><IxzAttribute z:Ref="i12"/><IyyAttribute z:Ref="i13"/><IyzAttribute z:Ref="i14"/><IzzAttribute z:Ref="i15"/></URDFElement></ChildElements><ElementName>inertial</ElementName><required>false</required><Inertia z:Ref="i9"/><Mass z:Ref="i7"/><Origin z:Ref="i4"/></URDFElement><URDFElement z:Id="i16" i:type="Visual"><Attributes/><ChildElements><URDFElement z:Id="i17" i:type="Origin"><Attributes><Attribute z:Id="i18"><AttributeType>xyz</AttributeType><IsRequired>true</IsRequired><Value i:type="a:ArrayOfdouble" xmlns:a="http://schemas.microsoft.com/2003/10/Serialization/Arrays"><a:double>0</a:double><a:double>0</a:double><a:double>0</a:double></Value></Attribute><Attribute z:Id="i19"><AttributeType>rpy</AttributeType><IsRequired>true</IsRequired><Value i:type="a:ArrayOfdouble" xmlns:a="http://schemas.microsoft.com/2003/10/Serialization/Arrays"><a:double>0</a:double><a:double>0</a:double><a:double>0</a:double></Value></Attribute></Attributes><ChildElements/><ElementName>origin</ElementName><required>false</required><RPYAttribute z:Ref="i19"/><XYZAttribute z:Ref="i18"/><isCustomized>false</isCustomized></URDFElement><URDFElement z:Id="i20" i:type="Geometry"><Attributes/><ChildElements><URDFElement z:Id="i21" i:type="Mesh"><Attributes><Attribute z:Id="i22"><AttributeType>filename</AttributeType><IsRequired>true</IsRequired><Value i:nil="true"/></Attribute></Attributes><ChildElements/><ElementName>mesh</ElementName><required>false</required><FilenameAttribute z:Ref="i22"/></URDFElement></ChildElements><ElementName>geometry</ElementName><required>true</required><Mesh z:Ref="i21"/></URDFElement><URDFElement z:Id="i23" i:type="Material"><Attributes><Attribute z:Id="i24"><AttributeType>name</AttributeType><IsRequired>true</IsRequired><Value i:type="a:string" xmlns:a="http://www.w3.org/2001/XMLSchema"/></Attribute></Attributes><ChildElements><URDFElement z:Id="i25" i:type="Color"><Attributes><Attribute z:Id="i26"><AttributeType>rgba</AttributeType><IsRequired>true</IsRequired><Value i:type="a:ArrayOfdouble" xmlns:a="http://schemas.microsoft.com/2003/10/Serialization/Arrays"><a:double>1</a:double><a:double>1</a:double><a:double>1</a:double><a:double>1</a:double></Value></Attribute></Attributes><ChildElements/><ElementName>color</ElementName><required>false</required><RGBAAttribute z:Ref="i26"/></URDFElement><URDFElement z:Id="i27" i:type="Texture"><Attributes><Attribute z:Id="i28"><AttributeType>filename</AttributeType><IsRequired>true</IsRequired><Value i:nil="true"/></Attribute></Attributes><ChildElements/><ElementName>texture</ElementName><required>false</required><FilenameAttribute z:Ref="i28"/><wFilename/></URDFElement></ChildElements><ElementName>material</ElementName><required>false</required><Color z:Ref="i25"/><NameAttribute z:Ref="i24"/><Texture z:Ref="i27"/></URDFElement></ChildElements><ElementName>visual</ElementName><required>false</required><Geometry z:Ref="i20"/><Material z:Ref="i23"/><Origin z:Ref="i17"/></URDFElement><URDFElement z:Id="i29" i:type="Collision"><Attributes/><ChildElements><URDFElement z:Id="i30" i:type="Origin"><Attributes><Attribute z:Id="i31"><AttributeType>xyz</AttributeType><IsRequired>true</IsRequired><Value i:type="a:ArrayOfdouble" xmlns:a="http://schemas.microsoft.com/2003/10/Serialization/Arrays"><a:double>0</a:double><a:double>0</a:double><a:double>0</a:double></Value></Attribute><Attribute z:Id="i32"><AttributeType>rpy</AttributeType><IsRequired>true</IsRequired><Value i:type="a:ArrayOfdouble" xmlns:a="http://schemas.microsoft.com/2003/10/Serialization/Arrays"><a:double>0</a:double><a:double>0</a:double><a:double>0</a:double></Value></Attribute></Attributes><ChildElements/><ElementName>origin</ElementName><required>false</required><RPYAttribute z:Ref="i32"/><XYZAttribute z:Ref="i31"/><isCustomized>false</isCustomized></URDFElement><URDFElement z:Id="i33" i:type="Geometry"><Attributes/><ChildElements><URDFElement z:Id="i34" i:type="Mesh"><Attributes><Attribute z:Id="i35"><AttributeType>filename</AttributeType><IsRequired>true</IsRequired><Value i:nil="true"/></Attribute></Attributes><ChildElements/><ElementName>mesh</ElementName><required>false</required><FilenameAttribute z:Ref="i35"/></URDFElement></ChildElements><ElementName>geometry</ElementName><required>true</required><Mesh z:Ref="i34"/></URDFElement></ChildElements><ElementName>collision</ElementName><required>false</required><Geometry z:Ref="i33"/><Origin z:Ref="i30"/></URDFElement><URDFElement z:Id="i36" i:type="Joint"><Attributes><Attribute z:Id="i37"><AttributeType>name</AttributeType><IsRequired>true</IsRequired><Value i:type="a:string" xmlns:a="http://www.w3.org/2001/XMLSchema"/></Attribute><Attribute z:Id="i38"><AttributeType>type</AttributeType><IsRequired>true</IsRequired><Value i:type="a:string" xmlns:a="http://www.w3.org/2001/XMLSchema"/></Attribute></Attributes><ChildElements><URDFElement z:Id="i39" i:type="Origin"><Attributes><Attribute z:Id="i40"><AttributeType>xyz</AttributeType><IsRequired>true</IsRequired><Value i:type="a:ArrayOfdouble" xmlns:a="http://schemas.microsoft.com/2003/10/Serialization/Arrays"><a:double>0</a:double><a:double>0</a:double><a:double>0</a:double></Value></Attribute><Attribute z:Id="i41"><AttributeType>rpy</AttributeType><IsRequired>true</IsRequired><Value i:type="a:ArrayOfdouble" xmlns:a="http://schemas.microsoft.com/2003/10/Serialization/Arrays"><a:double>0</a:double><a:double>0</a:double><a:double>0</a:double></Value></Attribute></Attributes><ChildElements/><ElementName>origin</ElementName><required>false</required><RPYAttribute z:Ref="i41"/><XYZAttribute z:Ref="i40"/><isCustomized>false</isCustomized></URDFElement><URDFElement z:Id="i42" i:type="ParentLink"><Attributes><Attribute z:Id="i43"><AttributeType>link</AttributeType><IsRequired>true</IsRequired><Value i:type="a:string" xmlns:a="http://www.w3.org/2001/XMLSchema"/></Attribute></Attributes><ChildElements/><ElementName>parent</ElementName><required>true</required><NameAttribute z:Ref="i43"/></URDFElement><URDFElement z:Id="i44" i:type="ChildLink"><Attributes><Attribute z:Id="i45"><AttributeType>link</AttributeType><IsRequired>true</IsRequired><Value i:type="a:string" xmlns:a="http://www.w3.org/2001/XMLSchema"/></Attribute></Attributes><ChildElements/><ElementName>child</ElementName><required>true</required><NameAttribute z:Ref="i45"/></URDFElement><URDFElement z:Id="i46" i:type="Axis"><Attributes><Attribute z:Id="i47"><AttributeType>xyz</AttributeType><IsRequired>true</IsRequired><Value i:type="a:ArrayOfdouble" xmlns:a="http://schemas.microsoft.com/2003/10/Serialization/Arrays"><a:double>0</a:double><a:double>0</a:double><a:double>0</a:double></Value></Attribute></Attributes><ChildElements/><ElementName>axis</ElementName><required>false</required><XYZAttribute z:Ref="i47"/></URDFElement><URDFElement z:Id="i48" i:type="Limit"><Attributes><Attribute z:Id="i49"><AttributeType>lower</AttributeType><IsRequired>false</IsRequired><Value i:nil="true"/></Attribute><Attribute z:Id="i50"><AttributeType>upper</AttributeType><IsRequired>false</IsRequired><Value i:nil="true"/></Attribute><Attribute z:Id="i51"><AttributeType>effort</AttributeType><IsRequired>true</IsRequired><Value i:nil="true"/></Attribute><Attribute z:Id="i52"><AttributeType>velocity</AttributeType><IsRequired>true</IsRequired><Value i:nil="true"/></Attribute></Attributes><ChildElements/><ElementName>limit</ElementName><required>false</required><EffortAttribute z:Ref="i51"/><LowerAttribute z:Ref="i49"/><UpperAttribute z:Ref="i50"/><VelocityAttribute z:Ref="i52"/></URDFElement><URDFElement z:Id="i53" i:type="Calibration"><Attributes><Attribute z:Id="i54"><AttributeType>rising</AttributeType><IsRequired>false</IsRequired><Value i:nil="true"/></Attribute><Attribute z:Id="i55"><AttributeType>falling</AttributeType><IsRequired>false</IsRequired><Value i:nil="true"/></Attribute></Attributes><ChildElements/><ElementName>calibration</ElementName><required>false</required><FallingAttribute z:Ref="i55"/><RisingAttribute z:Ref="i54"/></URDFElement><URDFElement z:Id="i56" i:type="Dynamics"><Attributes><Attribute z:Id="i57"><AttributeType>damping</AttributeType><IsRequired>false</IsRequired><Value i:nil="true"/></Attribute><Attribute z:Id="i58"><AttributeType>friction</AttributeType><IsRequired>false</IsRequired><Value i:nil="true"/></Attribute></Attributes><ChildElements/><ElementName>dynamics</ElementName><required>false</required><DampingAttribute z:Ref="i57"/><FrictionAttribute z:Ref="i58"/></URDFElement><URDFElement z:Id="i59" i:type="SafetyController"><Attributes><Attribute z:Id="i60"><AttributeType>soft_upper_limit</AttributeType><IsRequired>false</IsRequired><Value i:nil="true"/></Attribute><Attribute z:Id="i61"><AttributeType>soft_lower_limit</AttributeType><IsRequired>false</IsRequired><Value i:nil="true"/></Attribute><Attribute z:Id="i62"><AttributeType>k_position</AttributeType><IsRequired>false</IsRequired><Value i:nil="true"/></Attribute><Attribute z:Id="i63"><AttributeType>k_velocity</AttributeType><IsRequired>true</IsRequired><Value i:nil="true"/></Attribute></Attributes><ChildElements/><ElementName>safety_controller</ElementName><required>false</required><KPositionAttribute z:Ref="i62"/><KVelocityAttribute z:Ref="i63"/><SoftLowerAttribute z:Ref="i61"/><SoftUpperAttribute z:Ref="i60"/></URDFElement><URDFElement z:Id="i64" i:type="Mimic"><Attributes><Attribute z:Id="i65"><AttributeType>joint</AttributeType><IsRequired>true</IsRequired><Value i:nil="true"/></Attribute><Attribute z:Id="i66"><AttributeType>multiplier</AttributeType><IsRequired>false</IsRequired><Value i:nil="true"/></Attribute><Attribute z:Id="i67"><AttributeType>offset</AttributeType><IsRequired>false</IsRequired><Value i:nil="true"/></Attribute></Attributes><ChildElements/><ElementName>mimic</ElementName><required>false</required><JointNameAttribute z:Ref="i65"/><MultiplierAttribute z:Ref="i66"/><OffsetAttribute z:Ref="i67"/></URDFElement></ChildElements><ElementName>joint</ElementName><required>false</required><Axis z:Ref="i46"/><AxisName/><Calibration z:Ref="i53"/><Child z:Ref="i44"/><CoordinateSystemName>?????????4</CoordinateSystemName><Dynamics z:Ref="i56"/><Limit z:Ref="i48"/><Mimic z:Ref="i64"/><NameAttribute z:Ref="i37"/><Origin z:Ref="i39"/><Parent z:Ref="i42"/><Safety z:Ref="i59"/><TypeAttribute z:Ref="i38"/></URDFElement></ChildElements><ElementName>link</ElementName><required>true</required><Children><Link z:Id="i68"><Attributes><Attribute z:Id="i69"><AttributeType>name</AttributeType><IsRequired>true</IsRequired><Value i:type="a:string" xmlns:a="http://www.w3.org/2001/XMLSchema">wheel_lf_link</Value></Attribute></Attributes><ChildElements><URDFElement z:Id="i70" i:type="Inertial"><Attributes/><ChildElements><URDFElement z:Id="i71" i:type="Origin"><Attributes><Attribute z:Id="i72"><AttributeType>xyz</AttributeType><IsRequired>true</IsRequired><Value i:type="a:ArrayOfdouble" xmlns:a="http://schemas.microsoft.com/2003/10/Serialization/Arrays"><a:double>0</a:double><a:double>0</a:double><a:double>0</a:double></Value></Attribute><Attribute z:Id="i73"><AttributeType>rpy</AttributeType><IsRequired>true</IsRequired><Value i:type="a:ArrayOfdouble" xmlns:a="http://schemas.microsoft.com/2003/10/Serialization/Arrays"><a:double>0</a:double><a:double>0</a:double><a:double>0</a:double></Value></Attribute></Attributes><ChildElements/><ElementName>origin</ElementName><required>false</required><RPYAttribute z:Ref="i73"/><XYZAttribute z:Ref="i72"/><isCustomized>false</isCustomized></URDFElement><URDFElement z:Id="i74" i:type="Mass"><Attributes><Attribute z:Id="i75"><AttributeType>value</AttributeType><IsRequired>true</IsRequired><Value i:type="a:double" xmlns:a="http://www.w3.org/2001/XMLSchema">0</Value></Attribute></Attributes><ChildElements/><ElementName>mass</ElementName><required>false</required><ValueAttribute z:Ref="i75"/></URDFElement><URDFElement z:Id="i76" i:type="Inertia"><Attributes><Attribute z:Id="i77"><AttributeType>ixx</AttributeType><IsRequired>true</IsRequired><Value i:type="a:double" xmlns:a="http://www.w3.org/2001/XMLSchema">0</Value></Attribute><Attribute z:Id="i78"><AttributeType>ixy</AttributeType><IsRequired>true</IsRequired><Value i:type="a:double" xmlns:a="http://www.w3.org/2001/XMLSchema">0</Value></Attribute><Attribute z:Id="i79"><AttributeType>ixz</AttributeType><IsRequired>true</IsRequired><Value i:type="a:double" xmlns:a="http://www.w3.org/2001/XMLSchema">0</Value></Attribute><Attribute z:Id="i80"><AttributeType>iyy</AttributeType><IsRequired>true</IsRequired><Value i:type="a:double" xmlns:a="http://www.w3.org/2001/XMLSchema">0</Value></Attribute><Attribute z:Id="i81"><AttributeType>iyz</AttributeType><IsRequired>true</IsRequired><Value i:type="a:double" xmlns:a="http://www.w3.org/2001/XMLSchema">0</Value></Attribute><Attribute z:Id="i82"><AttributeType>izz</AttributeType><IsRequired>true</IsRequired><Value i:type="a:double" xmlns:a="http://www.w3.org/2001/XMLSchema">0</Value></Attribute></Attributes><ChildElements/><ElementName>inertia</ElementName><required>false</required><IxxAttribute z:Ref="i77"/><IxyAttribute z:Ref="i78"/><IxzAttribute z:Ref="i79"/><IyyAttribute z:Ref="i80"/><IyzAttribute z:Ref="i81"/><IzzAttribute z:Ref="i82"/></URDFElement></ChildElements><ElementName>inertial</ElementName><required>false</required><Inertia z:Ref="i76"/><Mass z:Ref="i74"/><Origin z:Ref="i71"/></URDFElement><URDFElement z:Id="i83" i:type="Visual"><Attributes/><ChildElements><URDFElement z:Id="i84" i:type="Origin"><Attributes><Attribute z:Id="i85"><AttributeType>xyz</AttributeType><IsRequired>true</IsRequired><Value i:type="a:ArrayOfdouble" xmlns:a="http://schemas.microsoft.com/2003/10/Serialization/Arrays"><a:double>0</a:double><a:double>0</a:double><a:double>0</a:double></Value></Attribute><Attribute z:Id="i86"><AttributeType>rpy</AttributeType><IsRequired>true</IsRequired><Value i:type="a:ArrayOfdouble" xmlns:a="http://schemas.microsoft.com/2003/10/Serialization/Arrays"><a:double>0</a:double><a:double>0</a:double><a:double>0</a:double></Value></Attribute></Attributes><ChildElements/><ElementName>origin</ElementName><required>false</required><RPYAttribute z:Ref="i86"/><XYZAttribute z:Ref="i85"/><isCustomized>false</isCustomized></URDFElement><URDFElement z:Id="i87" i:type="Geometry"><Attributes/><ChildElements><URDFElement z:Id="i88" i:type="Mesh"><Attributes><Attribute z:Id="i89"><AttributeType>filename</AttributeType><IsRequired>true</IsRequired><Value i:nil="true"/></Attribute></Attributes><ChildElements/><ElementName>mesh</ElementName><required>false</required><FilenameAttribute z:Ref="i89"/></URDFElement></ChildElements><ElementName>geometry</ElementName><required>true</required><Mesh z:Ref="i88"/></URDFElement><URDFElement z:Id="i90" i:type="Material"><Attributes><Attribute z:Id="i91"><AttributeType>name</AttributeType><IsRequired>true</IsRequired><Value i:type="a:string" xmlns:a="http://www.w3.org/2001/XMLSchema"/></Attribute></Attributes><ChildElements><URDFElement z:Id="i92" i:type="Color"><Attributes><Attribute z:Id="i93"><AttributeType>rgba</AttributeType><IsRequired>true</IsRequired><Value i:type="a:ArrayOfdouble" xmlns:a="http://schemas.microsoft.com/2003/10/Serialization/Arrays"><a:double>1</a:double><a:double>1</a:double><a:double>1</a:double><a:double>1</a:double></Value></Attribute></Attributes><ChildElements/><ElementName>color</ElementName><required>false</required><RGBAAttribute z:Ref="i93"/></URDFElement><URDFElement z:Id="i94" i:type="Texture"><Attributes><Attribute z:Id="i95"><AttributeType>filename</AttributeType><IsRequired>true</IsRequired><Value i:nil="true"/></Attribute></Attributes><ChildElements/><ElementName>texture</ElementName><required>false</required><FilenameAttribute z:Ref="i95"/><wFilename/></URDFElement></ChildElements><ElementName>material</ElementName><required>false</required><Color z:Ref="i92"/><NameAttribute z:Ref="i91"/><Texture z:Ref="i94"/></URDFElement></ChildElements><ElementName>visual</ElementName><required>false</required><Geometry z:Ref="i87"/><Material z:Ref="i90"/><Origin z:Ref="i84"/></URDFElement><URDFElement z:Id="i96" i:type="Collision"><Attributes/><ChildElements><URDFElement z:Id="i97" i:type="Origin"><Attributes><Attribute z:Id="i98"><AttributeType>xyz</AttributeType><IsRequired>true</IsRequired><Value i:type="a:ArrayOfdouble" xmlns:a="http://schemas.microsoft.com/2003/10/Serialization/Arrays"><a:double>0</a:double><a:double>0</a:double><a:double>0</a:double></Value></Attribute><Attribute z:Id="i99"><AttributeType>rpy</AttributeType><IsRequired>true</IsRequired><Value i:type="a:ArrayOfdouble" xmlns:a="http://schemas.microsoft.com/2003/10/Serialization/Arrays"><a:double>0</a:double><a:double>0</a:double><a:double>0</a:double></Value></Attribute></Attributes><ChildElements/><ElementName>origin</ElementName><required>false</required><RPYAttribute z:Ref="i99"/><XYZAttribute z:Ref="i98"/><isCustomized>false</isCustomized></URDFElement><URDFElement z:Id="i100" i:type="Geometry"><Attributes/><ChildElements><URDFElement z:Id="i101" i:type="Mesh"><Attributes><Attribute z:Id="i102"><AttributeType>filename</AttributeType><IsRequired>true</IsRequired><Value i:nil="true"/></Attribute></Attributes><ChildElements/><ElementName>mesh</ElementName><required>false</required><FilenameAttribute z:Ref="i102"/></URDFElement></ChildElements><ElementName>geometry</ElementName><required>true</required><Mesh z:Ref="i101"/></URDFElement></ChildElements><ElementName>collision</ElementName><required>false</required><Geometry z:Ref="i100"/><Origin z:Ref="i97"/></URDFElement><URDFElement z:Id="i103" i:type="Joint"><Attributes><Attribute z:Id="i104"><AttributeType>name</AttributeType><IsRequired>true</IsRequired><Value i:type="a:string" xmlns:a="http://www.w3.org/2001/XMLSchema">wheel_lf_link</Value></Attribute><Attribute z:Id="i105"><AttributeType>type</AttributeType><IsRequired>true</IsRequired><Value i:type="a:string" xmlns:a="http://www.w3.org/2001/XMLSchema">continuous</Value></Attribute></Attributes><ChildElements><URDFElement z:Id="i106" i:type="Origin"><Attributes><Attribute z:Id="i107"><AttributeType>xyz</AttributeType><IsRequired>true</IsRequired><Value i:type="a:ArrayOfdouble" xmlns:a="http://schemas.microsoft.com/2003/10/Serialization/Arrays"><a:double>0</a:double><a:double>0</a:double><a:double>0</a:double></Value></Attribute><Attribute z:Id="i108"><AttributeType>rpy</AttributeType><IsRequired>true</IsRequired><Value i:type="a:ArrayOfdouble" xmlns:a="http://schemas.microsoft.com/2003/10/Serialization/Arrays"><a:double>0</a:double><a:double>0</a:double><a:double>0</a:double></Value></Attribute></Attributes><ChildElements/><ElementName>origin</ElementName><required>false</required><RPYAttribute z:Ref="i108"/><XYZAttribute z:Ref="i107"/><isCustomized>false</isCustomized></URDFElement><URDFElement z:Id="i109" i:type="ParentLink"><Attributes><Attribute z:Id="i110"><AttributeType>link</AttributeType><IsRequired>true</IsRequired><Value i:type="a:string" xmlns:a="http://www.w3.org/2001/XMLSchema"/></Attribute></Attributes><ChildElements/><ElementName>parent</ElementName><required>true</required><NameAttribute z:Ref="i110"/></URDFElement><URDFElement z:Id="i111" i:type="ChildLink"><Attributes><Attribute z:Id="i112"><AttributeType>link</AttributeType><IsRequired>true</IsRequired><Value i:type="a:string" xmlns:a="http://www.w3.org/2001/XMLSchema"/></Attribute></Attributes><ChildElements/><ElementName>child</ElementName><required>true</required><NameAttribute z:Ref="i112"/></URDFElement><URDFElement z:Id="i113" i:type="Axis"><Attributes><Attribute z:Id="i114"><AttributeType>xyz</AttributeType><IsRequired>true</IsRequired><Value i:type="a:ArrayOfdouble" xmlns:a="http://schemas.microsoft.com/2003/10/Serialization/Arrays"><a:double>0</a:double><a:double>0</a:double><a:double>0</a:double></Value></Attribute></Attributes><ChildElements/><ElementName>axis</ElementName><required>false</required><XYZAttribute z:Ref="i114"/></URDFElement><URDFElement z:Id="i115" i:type="Limit"><Attributes><Attribute z:Id="i116"><AttributeType>lower</AttributeType><IsRequired>false</IsRequired><Value i:nil="true"/></Attribute><Attribute z:Id="i117"><AttributeType>upper</AttributeType><IsRequired>false</IsRequired><Value i:nil="true"/></Attribute><Attribute z:Id="i118"><AttributeType>effort</AttributeType><IsRequired>true</IsRequired><Value i:nil="true"/></Attribute><Attribute z:Id="i119"><AttributeType>velocity</AttributeType><IsRequired>true</IsRequired><Value i:nil="true"/></Attribute></Attributes><ChildElements/><ElementName>limit</ElementName><required>false</required><EffortAttribute z:Ref="i118"/><LowerAttribute z:Ref="i116"/><UpperAttribute z:Ref="i117"/><VelocityAttribute z:Ref="i119"/></URDFElement><URDFElement z:Id="i120" i:type="Calibration"><Attributes><Attribute z:Id="i121"><AttributeType>rising</AttributeType><IsRequired>false</IsRequired><Value i:nil="true"/></Attribute><Attribute z:Id="i122"><AttributeType>falling</AttributeType><IsRequired>false</IsRequired><Value i:nil="true"/></Attribute></Attributes><ChildElements/><ElementName>calibration</ElementName><required>false</required><FallingAttribute z:Ref="i122"/><RisingAttribute z:Ref="i121"/></URDFElement><URDFElement z:Id="i123" i:type="Dynamics"><Attributes><Attribute z:Id="i124"><AttributeType>damping</AttributeType><IsRequired>false</IsRequired><Value i:nil="true"/></Attribute><Attribute z:Id="i125"><AttributeType>friction</AttributeType><IsRequired>false</IsRequired><Value i:nil="true"/></Attribute></Attributes><ChildElements/><ElementName>dynamics</ElementName><required>false</required><DampingAttribute z:Ref="i124"/><FrictionAttribute z:Ref="i125"/></URDFElement><URDFElement z:Id="i126" i:type="SafetyController"><Attributes><Attribute z:Id="i127"><AttributeType>soft_upper_limit</AttributeType><IsRequired>false</IsRequired><Value i:nil="true"/></Attribute><Attribute z:Id="i128"><AttributeType>soft_lower_limit</AttributeType><IsRequired>false</IsRequired><Value i:nil="true"/></Attribute><Attribute z:Id="i129"><AttributeType>k_position</AttributeType><IsRequired>false</IsRequired><Value i:nil="true"/></Attribute><Attribute z:Id="i130"><AttributeType>k_velocity</AttributeType><IsRequired>true</IsRequired><Value i:nil="true"/></Attribute></Attributes><ChildElements/><ElementName>safety_controller</ElementName><required>false</required><KPositionAttribute z:Ref="i129"/><KVelocityAttribute z:Ref="i130"/><SoftLowerAttribute z:Ref="i128"/><SoftUpperAttribute z:Ref="i127"/></URDFElement><URDFElement z:Id="i131" i:type="Mimic"><Attributes><Attribute z:Id="i132"><AttributeType>joint</AttributeType><IsRequired>true</IsRequired><Value i:nil="true"/></Attribute><Attribute z:Id="i133"><AttributeType>multiplier</AttributeType><IsRequired>false</IsRequired><Value i:nil="true"/></Attribute><Attribute z:Id="i134"><AttributeType>offset</AttributeType><IsRequired>false</IsRequired><Value i:nil="true"/></Attribute></Attributes><ChildElements/><ElementName>mimic</ElementName><required>false</required><JointNameAttribute z:Ref="i132"/><MultiplierAttribute z:Ref="i133"/><OffsetAttribute z:Ref="i134"/></URDFElement></ChildElements><ElementName>joint</ElementName><required>false</required><Axis z:Ref="i113"/><AxisName>?????????2</AxisName><Calibration z:Ref="i120"/><Child z:Ref="i111"/><CoordinateSystemName>?????????5</CoordinateSystemName><Dynamics z:Ref="i123"/><Limit z:Ref="i115"/><Mimic z:Ref="i131"/><NameAttribute z:Ref="i104"/><Origin z:Ref="i106"/><Parent z:Ref="i109"/><Safety z:Ref="i126"/><TypeAttribute z:Ref="i105"/></URDFElement></ChildElements><ElementName>link</ElementName><required>true</required><Children/><Collision z:Ref="i96"/><Inertial z:Ref="i70"/><Joint z:Ref="i103"/><NameAttribute z:Ref="i69"/><Parent z:Ref="i1"/><STLQualityFine>false</STLQualityFine><SWComponentPIDs xmlns:a="http://schemas.microsoft.com/2003/10/Serialization/Arrays"><a:base64Binary>sDYAAAUAAAD//v8MbQBvAHQAbwByAC0AMgAtADEAQAA7YMWIBAAAABAAAAABAAAAAQAAACQAAAA=</a:base64Binary></SWComponentPIDs><SWMainComponentPID i:nil="true"/><Visual z:Ref="i83"/><isFixedFrame>false</isFixedFrame><isIncomplete>false</isIncomplete></Link><Link z:Id="i135"><Attributes><Attribute z:Id="i136"><AttributeType>name</AttributeType><IsRequired>true</IsRequired><Value i:type="a:string" xmlns:a="http://www.w3.org/2001/XMLSchema">wheel_rf_link</Value></Attribute></Attributes><ChildElements><URDFElement z:Id="i137" i:type="Inertial"><Attributes/><ChildElements><URDFElement z:Id="i138" i:type="Origin"><Attributes><Attribute z:Id="i139"><AttributeType>xyz</AttributeType><IsRequired>true</IsRequired><Value i:type="a:ArrayOfdouble" xmlns:a="http://schemas.microsoft.com/2003/10/Serialization/Arrays"><a:double>0</a:double><a:double>0</a:double><a:double>0</a:double></Value></Attribute><Attribute z:Id="i140"><AttributeType>rpy</AttributeType><IsRequired>true</IsRequired><Value i:type="a:ArrayOfdouble" xmlns:a="http://schemas.microsoft.com/2003/10/Serialization/Arrays"><a:double>0</a:double><a:double>0</a:double><a:double>0</a:double></Value></Attribute></Attributes><ChildElements/><ElementName>origin</ElementName><required>false</required><RPYAttribute z:Ref="i140"/><XYZAttribute z:Ref="i139"/><isCustomized>false</isCustomized></URDFElement><URDFElement z:Id="i141" i:type="Mass"><Attributes><Attribute z:Id="i142"><AttributeType>value</AttributeType><IsRequired>true</IsRequired><Value i:type="a:double" xmlns:a="http://www.w3.org/2001/XMLSchema">0</Value></Attribute></Attributes><ChildElements/><ElementName>mass</ElementName><required>false</required><ValueAttribute z:Ref="i142"/></URDFElement><URDFElement z:Id="i143" i:type="Inertia"><Attributes><Attribute z:Id="i144"><AttributeType>ixx</AttributeType><IsRequired>true</IsRequired><Value i:type="a:double" xmlns:a="http://www.w3.org/2001/XMLSchema">0</Value></Attribute><Attribute z:Id="i145"><AttributeType>ixy</AttributeType><IsRequired>true</IsRequired><Value i:type="a:double" xmlns:a="http://www.w3.org/2001/XMLSchema">0</Value></Attribute><Attribute z:Id="i146"><AttributeType>ixz</AttributeType><IsRequired>true</IsRequired><Value i:type="a:double" xmlns:a="http://www.w3.org/2001/XMLSchema">0</Value></Attribute><Attribute z:Id="i147"><AttributeType>iyy</AttributeType><IsRequired>true</IsRequired><Value i:type="a:double" xmlns:a="http://www.w3.org/2001/XMLSchema">0</Value></Attribute><Attribute z:Id="i148"><AttributeType>iyz</AttributeType><IsRequired>true</IsRequired><Value i:type="a:double" xmlns:a="http://www.w3.org/2001/XMLSchema">0</Value></Attribute><Attribute z:Id="i149"><AttributeType>izz</AttributeType><IsRequired>true</IsRequired><Value i:type="a:double" xmlns:a="http://www.w3.org/2001/XMLSchema">0</Value></Attribute></Attributes><ChildElements/><ElementName>inertia</ElementName><required>false</required><IxxAttribute z:Ref="i144"/><IxyAttribute z:Ref="i145"/><IxzAttribute z:Ref="i146"/><IyyAttribute z:Ref="i147"/><IyzAttribute z:Ref="i148"/><IzzAttribute z:Ref="i149"/></URDFElement></ChildElements><ElementName>inertial</ElementName><required>false</required><Inertia z:Ref="i143"/><Mass z:Ref="i141"/><Origin z:Ref="i138"/></URDFElement><URDFElement z:Id="i150" i:type="Visual"><Attributes/><ChildElements><URDFElement z:Id="i151" i:type="Origin"><Attributes><Attribute z:Id="i152"><AttributeType>xyz</AttributeType><IsRequired>true</IsRequired><Value i:type="a:ArrayOfdouble" xmlns:a="http://schemas.microsoft.com/2003/10/Serialization/Arrays"><a:double>0</a:double><a:double>0</a:double><a:double>0</a:double></Value></Attribute><Attribute z:Id="i153"><AttributeType>rpy</AttributeType><IsRequired>true</IsRequired><Value i:type="a:ArrayOfdouble" xmlns:a="http://schemas.microsoft.com/2003/10/Serialization/Arrays"><a:double>0</a:double><a:double>0</a:double><a:double>0</a:double></Value></Attribute></Attributes><ChildElements/><ElementName>origin</ElementName><required>false</required><RPYAttribute z:Ref="i153"/><XYZAttribute z:Ref="i152"/><isCustomized>false</isCustomized></URDFElement><URDFElement z:Id="i154" i:type="Geometry"><Attributes/><ChildElements><URDFElement z:Id="i155" i:type="Mesh"><Attributes><Attribute z:Id="i156"><AttributeType>filename</AttributeType><IsRequired>true</IsRequired><Value i:nil="true"/></Attribute></Attributes><ChildElements/><ElementName>mesh</ElementName><required>false</required><FilenameAttribute z:Ref="i156"/></URDFElement></ChildElements><ElementName>geometry</ElementName><required>true</required><Mesh z:Ref="i155"/></URDFElement><URDFElement z:Id="i157" i:type="Material"><Attributes><Attribute z:Id="i158"><AttributeType>name</AttributeType><IsRequired>true</IsRequired><Value i:type="a:string" xmlns:a="http://www.w3.org/2001/XMLSchema"/></Attribute></Attributes><ChildElements><URDFElement z:Id="i159" i:type="Color"><Attributes><Attribute z:Id="i160"><AttributeType>rgba</AttributeType><IsRequired>true</IsRequired><Value i:type="a:ArrayOfdouble" xmlns:a="http://schemas.microsoft.com/2003/10/Serialization/Arrays"><a:double>1</a:double><a:double>1</a:double><a:double>1</a:double><a:double>1</a:double></Value></Attribute></Attributes><ChildElements/><ElementName>color</ElementName><required>false</required><RGBAAttribute z:Ref="i160"/></URDFElement><URDFElement z:Id="i161" i:type="Texture"><Attributes><Attribute z:Id="i162"><AttributeType>filename</AttributeType><IsRequired>true</IsRequired><Value i:nil="true"/></Attribute></Attributes><ChildElements/><ElementName>texture</ElementName><required>false</required><FilenameAttribute z:Ref="i162"/><wFilename/></URDFElement></ChildElements><ElementName>material</ElementName><required>false</required><Color z:Ref="i159"/><NameAttribute z:Ref="i158"/><Texture z:Ref="i161"/></URDFElement></ChildElements><ElementName>visual</ElementName><required>false</required><Geometry z:Ref="i154"/><Material z:Ref="i157"/><Origin z:Ref="i151"/></URDFElement><URDFElement z:Id="i163" i:type="Collision"><Attributes/><ChildElements><URDFElement z:Id="i164" i:type="Origin"><Attributes><Attribute z:Id="i165"><AttributeType>xyz</AttributeType><IsRequired>true</IsRequired><Value i:type="a:ArrayOfdouble" xmlns:a="http://schemas.microsoft.com/2003/10/Serialization/Arrays"><a:double>0</a:double><a:double>0</a:double><a:double>0</a:double></Value></Attribute><Attribute z:Id="i166"><AttributeType>rpy</AttributeType><IsRequired>true</IsRequired><Value i:type="a:ArrayOfdouble" xmlns:a="http://schemas.microsoft.com/2003/10/Serialization/Arrays"><a:double>0</a:double><a:double>0</a:double><a:double>0</a:double></Value></Attribute></Attributes><ChildElements/><ElementName>origin</ElementName><required>false</required><RPYAttribute z:Ref="i166"/><XYZAttribute z:Ref="i165"/><isCustomized>false</isCustomized></URDFElement><URDFElement z:Id="i167" i:type="Geometry"><Attributes/><ChildElements><URDFElement z:Id="i168" i:type="Mesh"><Attributes><Attribute z:Id="i169"><AttributeType>filename</AttributeType><IsRequired>true</IsRequired><Value i:nil="true"/></Attribute></Attributes><ChildElements/><ElementName>mesh</ElementName><required>false</required><FilenameAttribute z:Ref="i169"/></URDFElement></ChildElements><ElementName>geometry</ElementName><required>true</required><Mesh z:Ref="i168"/></URDFElement></ChildElements><ElementName>collision</ElementName><required>false</required><Geometry z:Ref="i167"/><Origin z:Ref="i164"/></URDFElement><URDFElement z:Id="i170" i:type="Joint"><Attributes><Attribute z:Id="i171"><AttributeType>name</AttributeType><IsRequired>true</IsRequired><Value i:type="a:string" xmlns:a="http://www.w3.org/2001/XMLSchema">wheel_rf_joint</Value></Attribute><Attribute z:Id="i172"><AttributeType>type</AttributeType><IsRequired>true</IsRequired><Value i:type="a:string" xmlns:a="http://www.w3.org/2001/XMLSchema">continuous</Value></Attribute></Attributes><ChildElements><URDFElement z:Id="i173" i:type="Origin"><Attributes><Attribute z:Id="i174"><AttributeType>xyz</AttributeType><IsRequired>true</IsRequired><Value i:type="a:ArrayOfdouble" xmlns:a="http://schemas.microsoft.com/2003/10/Serialization/Arrays"><a:double>0</a:double><a:double>0</a:double><a:double>0</a:double></Value></Attribute><Attribute z:Id="i175"><AttributeType>rpy</AttributeType><IsRequired>true</IsRequired><Value i:type="a:ArrayOfdouble" xmlns:a="http://schemas.microsoft.com/2003/10/Serialization/Arrays"><a:double>0</a:double><a:double>0</a:double><a:double>0</a:double></Value></Attribute></Attributes><ChildElements/><ElementName>origin</ElementName><required>false</required><RPYAttribute z:Ref="i175"/><XYZAttribute z:Ref="i174"/><isCustomized>false</isCustomized></URDFElement><URDFElement z:Id="i176" i:type="ParentLink"><Attributes><Attribute z:Id="i177"><AttributeType>link</AttributeType><IsRequired>true</IsRequired><Value i:type="a:string" xmlns:a="http://www.w3.org/2001/XMLSchema"/></Attribute></Attributes><ChildElements/><ElementName>parent</ElementName><required>true</required><NameAttribute z:Ref="i177"/></URDFElement><URDFElement z:Id="i178" i:type="ChildLink"><Attributes><Attribute z:Id="i179"><AttributeType>link</AttributeType><IsRequired>true</IsRequired><Value i:type="a:string" xmlns:a="http://www.w3.org/2001/XMLSchema"/></Attribute></Attributes><ChildElements/><ElementName>child</ElementName><required>true</required><NameAttribute z:Ref="i179"/></URDFElement><URDFElement z:Id="i180" i:type="Axis"><Attributes><Attribute z:Id="i181"><AttributeType>xyz</AttributeType><IsRequired>true</IsRequired><Value i:type="a:ArrayOfdouble" xmlns:a="http://schemas.microsoft.com/2003/10/Serialization/Arrays"><a:double>0</a:double><a:double>0</a:double><a:double>0</a:double></Value></Attribute></Attributes><ChildElements/><ElementName>axis</ElementName><required>false</required><XYZAttribute z:Ref="i181"/></URDFElement><URDFElement z:Id="i182" i:type="Limit"><Attributes><Attribute z:Id="i183"><AttributeType>lower</AttributeType><IsRequired>false</IsRequired><Value i:nil="true"/></Attribute><Attribute z:Id="i184"><AttributeType>upper</AttributeType><IsRequired>false</IsRequired><Value i:nil="true"/></Attribute><Attribute z:Id="i185"><AttributeType>effort</AttributeType><IsRequired>true</IsRequired><Value i:nil="true"/></Attribute><Attribute z:Id="i186"><AttributeType>velocity</AttributeType><IsRequired>true</IsRequired><Value i:nil="true"/></Attribute></Attributes><ChildElements/><ElementName>limit</ElementName><required>false</required><EffortAttribute z:Ref="i185"/><LowerAttribute z:Ref="i183"/><UpperAttribute z:Ref="i184"/><VelocityAttribute z:Ref="i186"/></URDFElement><URDFElement z:Id="i187" i:type="Calibration"><Attributes><Attribute z:Id="i188"><AttributeType>rising</AttributeType><IsRequired>false</IsRequired><Value i:nil="true"/></Attribute><Attribute z:Id="i189"><AttributeType>falling</AttributeType><IsRequired>false</IsRequired><Value i:nil="true"/></Attribute></Attributes><ChildElements/><ElementName>calibration</ElementName><required>false</required><FallingAttribute z:Ref="i189"/><RisingAttribute z:Ref="i188"/></URDFElement><URDFElement z:Id="i190" i:type="Dynamics"><Attributes><Attribute z:Id="i191"><AttributeType>damping</AttributeType><IsRequired>false</IsRequired><Value i:nil="true"/></Attribute><Attribute z:Id="i192"><AttributeType>friction</AttributeType><IsRequired>false</IsRequired><Value i:nil="true"/></Attribute></Attributes><ChildElements/><ElementName>dynamics</ElementName><required>false</required><DampingAttribute z:Ref="i191"/><FrictionAttribute z:Ref="i192"/></URDFElement><URDFElement z:Id="i193" i:type="SafetyController"><Attributes><Attribute z:Id="i194"><AttributeType>soft_upper_limit</AttributeType><IsRequired>false</IsRequired><Value i:nil="true"/></Attribute><Attribute z:Id="i195"><AttributeType>soft_lower_limit</AttributeType><IsRequired>false</IsRequired><Value i:nil="true"/></Attribute><Attribute z:Id="i196"><AttributeType>k_position</AttributeType><IsRequired>false</IsRequired><Value i:nil="true"/></Attribute><Attribute z:Id="i197"><AttributeType>k_velocity</AttributeType><IsRequired>true</IsRequired><Value i:nil="true"/></Attribute></Attributes><ChildElements/><ElementName>safety_controller</ElementName><required>false</required><KPositionAttribute z:Ref="i196"/><KVelocityAttribute z:Ref="i197"/><SoftLowerAttribute z:Ref="i195"/><SoftUpperAttribute z:Ref="i194"/></URDFElement><URDFElement z:Id="i198" i:type="Mimic"><Attributes><Attribute z:Id="i199"><AttributeType>joint</AttributeType><IsRequired>true</IsRequired><Value i:nil="true"/></Attribute><Attribute z:Id="i200"><AttributeType>multiplier</AttributeType><IsRequired>false</IsRequired><Value i:nil="true"/></Attribute><Attribute z:Id="i201"><AttributeType>offset</AttributeType><IsRequired>false</IsRequired><Value i:nil="true"/></Attribute></Attributes><ChildElements/><ElementName>mimic</ElementName><required>false</required><JointNameAttribute z:Ref="i199"/><MultiplierAttribute z:Ref="i200"/><OffsetAttribute z:Ref="i201"/></URDFElement></ChildElements><ElementName>joint</ElementName><required>false</required><Axis z:Ref="i180"/><AxisName>?????????2</AxisName><Calibration z:Ref="i187"/><Child z:Ref="i178"/><CoordinateSystemName>?????????6</CoordinateSystemName><Dynamics z:Ref="i190"/><Limit z:Ref="i182"/><Mimic z:Ref="i198"/><NameAttribute z:Ref="i171"/><Origin z:Ref="i173"/><Parent z:Ref="i176"/><Safety z:Ref="i193"/><TypeAttribute z:Ref="i172"/></URDFElement></ChildElements><ElementName>link</ElementName><required>true</required><Children/><Collision z:Ref="i163"/><Inertial z:Ref="i137"/><Joint z:Ref="i170"/><NameAttribute z:Ref="i136"/><Parent z:Ref="i1"/><STLQualityFine>false</STLQualityFine><SWComponentPIDs xmlns:a="http://schemas.microsoft.com/2003/10/Serialization/Arrays"><a:base64Binary>sDYAAAUAAAD//v8MbQBvAHQAbwByAC0AMgAtADIAQAA7YMWIBAAAABAAAAABAAAAAQAAACUAAAA=</a:base64Binary></SWComponentPIDs><SWMainComponentPID i:nil="true"/><Visual z:Ref="i150"/><isFixedFrame>false</isFixedFrame><isIncomplete>false</isIncomplete></Link></Children><Collision z:Ref="i29"/><Inertial z:Ref="i3"/><Joint z:Ref="i36"/><NameAttribute z:Ref="i2"/><Parent i:nil="true"/><STLQualityFine>false</STLQualityFine><SWComponentPIDs xmlns:a="http://schemas.microsoft.com/2003/10/Serialization/Arrays"><a:base64Binary>sDYAAAUAAAD//v8Q3ZR/Z18AZo9TT5Ve6JAvZZFkLQAxAC0AMQBAADtgxYgEAAAAEAAAAAEAAAABAAAAGwAAAA==</a:base64Binary></SWComponentPIDs><SWMainComponentPID i:nil="true"/><Visual z:Ref="i16"/><isFixedFrame>false</isFixedFrame><isIncomplete>false</isIncomplete></Link>
2024-06-03 16:11:52,935 INFO  AssemblyExportForm.cs: 309 - Saving URDF package to P:\URDF\总装
2024-06-03 16:11:52,937 INFO  ExportHelper.cs: 147 - Beginning the export process
2024-06-03 16:11:52,939 INFO  ExportHelper.cs: 153 - Creating package directories with name 总装 and save path P:\URDF
2024-06-03 16:11:54,352 INFO  ExportHelper.cs: 162 - Creating CMakeLists.txt at P:\URDF\总装\CMakeLists.txt
2024-06-03 16:11:54,353 INFO  ExportHelper.cs: 166 - Creating joint names config at P:\URDF\总装\config\joint_names_总装.yaml
2024-06-03 16:11:54,354 INFO  ExportHelper.cs: 170 - Creating package.xml at P:\URDF\总装\package.xml
2024-06-03 16:11:54,355 INFO  PackageXMLWriter.cs: 21 - Creating package.xml at P:\URDF\总装\package.xml
2024-06-03 16:11:54,363 INFO  ExportHelper.cs: 177 - Creating RVIZ launch file in P:\URDF\总装\launch\
2024-06-03 16:11:54,365 INFO  ExportHelper.cs: 182 - Creating Gazebo launch file in P:\URDF\总装\launch\
2024-06-03 16:11:54,366 INFO  ExportHelper.cs: 187 - Saving existing STL preferences
2024-06-03 16:11:54,367 INFO  ExportHelper.cs: 450 - Saving users preferences
2024-06-03 16:11:54,367 INFO  ExportHelper.cs: 190 - Modifying STL preferences
2024-06-03 16:11:54,378 INFO  ExportHelper.cs: 464 - Setting STL preferences
2024-06-03 16:11:54,402 INFO  ExportHelper.cs: 196 - Found 0 hidden components 
2024-06-03 16:11:54,402 INFO  ExportHelper.cs: 197 - Hiding all components
2024-06-03 16:11:54,651 INFO  ExportHelper.cs: 204 - Beginning individual files export
2024-06-03 16:11:54,668 INFO  ExportHelper.cs: 270 - Exporting link: base_link
2024-06-03 16:11:54,668 INFO  ExportHelper.cs: 272 - Link base_link has 2 children
2024-06-03 16:11:54,670 INFO  ExportHelper.cs: 270 - Exporting link: wheel_lf_link
2024-06-03 16:11:54,670 INFO  ExportHelper.cs: 272 - Link wheel_lf_link has 0 children
2024-06-03 16:11:54,671 INFO  ExportHelper.cs: 317 - wheel_lf_link: Exporting STL with coordinate frame 坐标系5
2024-06-03 16:11:54,672 INFO  ExportHelper.cs: 322 - wheel_lf_link: Reference geometry name 
2024-06-03 16:11:54,995 INFO  ExportHelper.cs: 330 - Saving STL to P:\URDF\总装\meshes\wheel_lf_link.STL
2024-06-03 16:11:55,354 INFO  ExportHelper.cs: 405 - Removing SW header in STL file
2024-06-03 16:11:55,356 INFO  ExportHelper.cs: 270 - Exporting link: wheel_rf_link
2024-06-03 16:11:55,356 INFO  ExportHelper.cs: 272 - Link wheel_rf_link has 0 children
2024-06-03 16:11:55,356 INFO  ExportHelper.cs: 317 - wheel_rf_link: Exporting STL with coordinate frame 坐标系6
2024-06-03 16:11:55,357 INFO  ExportHelper.cs: 322 - wheel_rf_link: Reference geometry name 
2024-06-03 16:11:55,417 INFO  ExportHelper.cs: 330 - Saving STL to P:\URDF\总装\meshes\wheel_rf_link.STL
2024-06-03 16:11:55,639 INFO  ExportHelper.cs: 405 - Removing SW header in STL file
2024-06-03 16:11:55,640 INFO  ExportHelper.cs: 317 - base_link: Exporting STL with coordinate frame 坐标系4
2024-06-03 16:11:55,640 INFO  ExportHelper.cs: 322 - base_link: Reference geometry name 
2024-06-03 16:11:55,669 INFO  ExportHelper.cs: 330 - Saving STL to P:\URDF\总装\meshes\base_link.STL
2024-06-03 16:11:55,712 INFO  ExportHelper.cs: 405 - Removing SW header in STL file
2024-06-03 16:11:55,713 INFO  ExportHelper.cs: 145 - Showing all components except previously hidden components
2024-06-03 16:11:56,187 INFO  ExportHelper.cs: 145 - Resetting STL preferences
2024-06-03 16:11:56,188 INFO  ExportHelper.cs: 478 - Returning STL preferences to user preferences
2024-06-03 16:11:56,189 INFO  ExportHelper.cs: 228 - Writing URDF file to P:\URDF\总装\urdf\总装.urdf
2024-06-03 16:11:56,201 INFO  CSVImportExport.cs: 32 - Writing CSV file P:\URDF\总装\urdf\总装.csv
2024-06-03 16:11:56,230 ERROR CSVImportExport.cs: 130 - The following columns were not written to the CSV: Link.Joint.ChildLink.link,
2024-06-03 16:11:56,230 ERROR CSVImportExport.cs: 130 - The following columns were not written to the CSV: Link.Joint.ChildLink.link,
2024-06-03 16:11:56,231 ERROR CSVImportExport.cs: 130 - The following columns were not written to the CSV: Link.Joint.ChildLink.link,
2024-06-03 16:11:56,231 INFO  ExportHelper.cs: 234 - Copying log file
2024-06-03 16:11:56,234 INFO  ExportHelper.cs: 439 - Copying C:\Users\ZACK\sw2urdf_logs\sw2urdf.log to P:\URDF\总装\export.log
